#
# A fatal error has been detected by the Java Runtime Environment:
#
#  EXCEPTION_ACCESS_VIOLATION (0xc0000005) at pc=0x0000000063e0a562, pid=1760, tid=0x0000000000001548
#
# JRE version: OpenJDK Runtime Environment (8.0_152-b01) (build 1.8.0_152-release-915-b01)
# Java VM: OpenJDK 64-Bit Server VM (25.152-b01 mixed mode windows-amd64 compressed oops)
# Problematic frame:
# V  [jvm.dll+0x8a562]
#
# Failed to write core dump. Minidumps are not enabled by default on client versions of Windows
#
# If you would like to submit a bug report, please visit:
#   http://bugreport.java.com/bugreport/crash.jsp
#

---------------  T H R E A D  ---------------

Current thread (0x00000000021f6000):  GCTaskThread [stack: 0x00000000123d0000,0x00000000124d0000] [id=5448]

siginfo: ExceptionCode=0xc0000005, reading address 0x00000000000000e8

Registers:
RAX=0x0000000000000000, RBX=0x00000000e4022d00, RCX=0x0000000000740069, RDX=0x00000000e4022d00
RSP=0x00000000124cf618, RBP=0x0000000011bc5b81, RSI=0x00000000560f82c0, RDI=0x00000000a0b668b0
R8 =0x0000000000000000, R9 =0x0000000000740069, R10=0x0000000000000008, R11=0x00000000e894fff0
R12=0x0000000011bc5b12, R13=0x0073006f00700065, R14=0x0000000000000000, R15=0x00000000021f18b0
RIP=0x0000000063e0a562, EFLAGS=0x0000000000010246

Top of Stack: (sp=0x00000000124cf618)
0x00000000124cf618:   000000006414c0d2 00000000e4422d18
0x00000000124cf628:   0000000000000003 00000000560f82c0
0x00000000124cf638:   00000000e66fc898 00000000e8948000
0x00000000124cf648:   0000000000001000 00000000a2b95640
0x00000000124cf658:   0000000000000400 0000000000000000
0x00000000124cf668:   00000000560f8200 0000000011bc5b12
0x00000000124cf678:   000000006414c440 00000000e894a940
0x00000000124cf688:   0000000011bc5b81 00000000560f82c0
0x00000000124cf698:   00000000a0b668b0 00000000e894a940
0x00000000124cf6a8:   000000006414cfe5 00000000e4daefd0
0x00000000124cf6b8:   0000000011bc5b81 00000000560f82c0
0x00000000124cf6c8:   0000000000000003 00000000560f82c0
0x00000000124cf6d8:   0000000063e468da 00000000a0aee56c
0x00000000124cf6e8:   0000000063e6f247 00000000560f82c0
0x00000000124cf6f8:   0000000063e6d403 00000000a0b627f5
0x00000000124cf708:   00000000a0b627f5 00000000a0b6284c 

Instructions: (pc=0x0000000063e0a562)
0x0000000063e0a542:   e2 49 8d 0c 11 49 f7 d1 48 03 c1 49 c1 e9 03 48
0x0000000063e0a552:   c1 e8 03 41 23 c1 c3 48 8b 02 48 8b d1 49 8b c9
0x0000000063e0a562:   48 ff a0 e8 00 00 00 cc cc cc cc cc cc cc 80 3d
0x0000000063e0a572:   3a f3 72 00 00 48 8b c1 74 1b 8b 51 08 8b 0d d3 


Register to memory mapping:

RAX=0x0000000000000000 is an unknown value
RBX=0x00000000e4022d00 is an oop

[error occurred during error reporting (printing register info), id 0xc0000005]

Stack: [0x00000000123d0000,0x00000000124d0000],  sp=0x00000000124cf618,  free space=1021k
Native frames: (J=compiled Java code, j=interpreted, Vv=VM code, C=native code)
V  [jvm.dll+0x8a562]


---------------  P R O C E S S  ---------------

Java Threads: ( => current thread )
  0x0000000058231000 JavaThread "Task worker for ':'" [_thread_blocked, id=4832, stack(0x00000000613f0000,0x00000000614f0000)]
  0x0000000058230800 JavaThread "Cache worker for task history cache (C:\Users\Alexandra\AndroidStudioProjects\PachacamaLab01\.gradle\4.1\taskHistory)" [_thread_blocked, id=5580, stack(0x0000000060820000,0x0000000060920000)]
  0x000000005822f800 JavaThread "build operations Thread 2" [_thread_blocked, id=2912, stack(0x000000005c340000,0x000000005c440000)]
  0x000000005822f000 JavaThread "build operations" [_thread_blocked, id=1068, stack(0x0000000061060000,0x0000000061160000)]
  0x000000005822e000 JavaThread "Cache worker for Artifact transforms cache (C:\Users\Alexandra\.gradle\caches\transforms-1)" [_thread_blocked, id=3500, stack(0x000000005dc90000,0x000000005dd90000)]
  0x000000005822c800 JavaThread "Cache worker for file hash cache (C:\Users\Alexandra\AndroidStudioProjects\PachacamaLab01\.gradle\4.1\fileHashes)" [_thread_blocked, id=5220, stack(0x0000000059e90000,0x0000000059f90000)]
  0x000000005822d800 JavaThread "Stdin handler" [_thread_blocked, id=5364, stack(0x0000000059b00000,0x0000000059c00000)]
  0x0000000058228000 JavaThread "Asynchronous log dispatcher for DefaultDaemonConnection: socket connection from /127.0.0.1:50517 to /127.0.0.1:50550" [_thread_blocked, id=5596, stack(0x000000005dab0000,0x000000005dbb0000)]
  0x000000005822b000 JavaThread "Cancel handler" [_thread_blocked, id=2024, stack(0x000000005a550000,0x000000005a650000)]
  0x000000005822a800 JavaThread "Handler for socket connection from /127.0.0.1:50517 to /127.0.0.1:50550" [_thread_in_native, id=5432, stack(0x000000005a190000,0x000000005a290000)]
  0x000000005822c000 JavaThread "Memory manager" [_thread_blocked, id=5492, stack(0x000000005e710000,0x000000005e810000)]
  0x0000000058ac3800 JavaThread "File lock request listener" [_thread_in_native, id=4972, stack(0x000000005a6d0000,0x000000005a7d0000)]
  0x0000000057a6d000 JavaThread "Cache worker for file hash cache (C:\Users\Alexandra\.gradle\caches\4.1\fileHashes)" [_thread_blocked, id=5024, stack(0x0000000058470000,0x0000000058570000)]
  0x000000005862f800 JavaThread "Daemon worker" [_thread_blocked, id=3932, stack(0x0000000059fb0000,0x000000005a0b0000)]
  0x0000000058379800 JavaThread "Daemon" [_thread_blocked, id=5172, stack(0x00000000597f0000,0x00000000598f0000)]
  0x000000005834c000 JavaThread "Daemon periodic checks" [_thread_blocked, id=5600, stack(0x0000000059a00000,0x0000000059b00000)]
  0x0000000058349000 JavaThread "Incoming local TCP Connector on port 50517" [_thread_in_native, id=5404, stack(0x0000000057650000,0x0000000057750000)]
  0x000000005616a000 JavaThread "Service Thread" daemon [_thread_blocked, id=3728, stack(0x0000000057410000,0x0000000057510000)]
  0x0000000056166000 JavaThread "C1 CompilerThread1" daemon [_thread_blocked, id=5796, stack(0x0000000057520000,0x0000000057620000)]
  0x0000000056173000 JavaThread "C2 CompilerThread0" daemon [_thread_blocked, id=5036, stack(0x0000000057290000,0x0000000057390000)]
  0x0000000056172000 JavaThread "Attach Listener" daemon [_thread_blocked, id=5560, stack(0x00000000570a0000,0x00000000571a0000)]
  0x0000000056170800 JavaThread "Signal Dispatcher" daemon [_thread_blocked, id=3164, stack(0x0000000056f10000,0x0000000057010000)]
  0x000000005614d000 JavaThread "Finalizer" daemon [_thread_blocked, id=4296, stack(0x0000000056a60000,0x0000000056b60000)]
  0x0000000056103800 JavaThread "Reference Handler" daemon [_thread_blocked, id=5508, stack(0x0000000056d70000,0x0000000056e70000)]
  0x00000000021be800 JavaThread "main" [_thread_blocked, id=1772, stack(0x00000000022f0000,0x00000000023f0000)]

Other Threads:
  0x00000000560fb000 VMThread [stack: 0x0000000056c40000,0x0000000056d40000] [id=4844]
  0x000000005616b800 WatcherThread [stack: 0x0000000057770000,0x0000000057870000] [id=5416]

=>0x00000000021f6000 (exited) GCTaskThread [stack: 0x00000000123d0000,0x00000000124d0000] [id=5448]

VM state:at safepoint (normal execution)

VM Mutex/Monitor currently owned by a thread:  ([mutex/lock_event])
[0x00000000021bc830] Threads_lock - owner thread: 0x00000000560fb000
[0x00000000021bcd30] Heap_lock - owner thread: 0x000000005822c800

Heap:
 PSYoungGen      total 112640K, used 109652K [0x00000000e0000000, 0x00000000e9600000, 0x0000000100000000)
  eden space 98816K, 100% used [0x00000000e0000000,0x00000000e6080000,0x00000000e6080000)
  from space 13824K, 78% used [0x00000000e6080000,0x00000000e6b153e0,0x00000000e6e00000)
  to   space 14848K, 31% used [0x00000000e8780000,0x00000000e8c10000,0x00000000e9600000)
 ParOldGen       total 84480K, used 50451K [0x00000000a0000000, 0x00000000a5280000, 0x00000000e0000000)
  object space 84480K, 59% used [0x00000000a0000000,0x00000000a3144c30,0x00000000a5280000)
 Metaspace       used 66848K, capacity 69754K, committed 70104K, reserved 1110016K
  class space    used 8860K, capacity 9601K, committed 9728K, reserved 1048576K

Card table byte_map: [0x0000000011bc0000,0x0000000011ed0000] byte_map_base: 0x00000000116c0000

Marking Bits: (ParMarkBitMap*) 0x0000000064543950
 Begin Bits: [0x00000000124d0000, 0x0000000013cd0000)
 End Bits:   [0x0000000013cd0000, 0x00000000154d0000)

Polling page: 0x0000000000360000

CodeCache: size=245760Kb used=27087Kb max_used=27100Kb free=218672Kb
 bounds [0x0000000002800000, 0x00000000042a0000, 0x0000000011800000]
 total_blobs=8983 nmethods=8162 adapters=733
 compilation: enabled

Compilation events (10 events):
Event: 160.952 Thread 0x0000000056166000 9459       3       com.google.common.cache.LocalCache$StrongAccessEntry::getAccessTime (5 bytes)
Event: 160.952 Thread 0x0000000056166000 nmethod 9459 0x0000000003ebce50 code [0x0000000003ebcfa0, 0x0000000003ebd0f0]
Event: 160.952 Thread 0x0000000056173000 9463       4       java.lang.String::regionMatches (149 bytes)
Event: 160.952 Thread 0x0000000056166000 9460       3       com.google.common.cache.LocalCache::nullifyAccessOrder (19 bytes)
Event: 160.953 Thread 0x0000000056166000 nmethod 9460 0x000000000428c790 code [0x000000000428c920, 0x000000000428cc38]
Event: 160.953 Thread 0x0000000056166000 9462       3       com.google.common.cache.LocalCache$EntryFactory::copyAccessEntry (37 bytes)
Event: 160.953 Thread 0x0000000056166000 nmethod 9462 0x000000000428f4d0 code [0x000000000428f700, 0x0000000004290158]
Event: 160.953 Thread 0x0000000056166000 9461       3       com.google.common.cache.LocalCache$StrongValueReference::copyFor (2 bytes)
Event: 160.953 Thread 0x0000000056166000 nmethod 9461 0x0000000003ebcb10 code [0x0000000003ebcc60, 0x0000000003ebcdb0]
Event: 160.963 Thread 0x0000000056173000 nmethod 9463 0x00000000042990d0 code [0x0000000004299260, 0x0000000004299a78]

GC Heap History (10 events):
Event: 70.638 GC heap after
Heap after GC invocations=22 (full 2):
 PSYoungGen      total 87040K, used 6814K [0x00000000e0000000, 0x00000000e5f80000, 0x0000000100000000)
  eden space 77824K, 0% used [0x00000000e0000000,0x00000000e0000000,0x00000000e4c00000)
  from space 9216K, 73% used [0x00000000e5500000,0x00000000e5ba7858,0x00000000e5e00000)
  to   space 9216K, 0% used [0x00000000e4c00000,0x00000000e4c00000,0x00000000e5500000)
 ParOldGen       total 46080K, used 30107K [0x00000000a0000000, 0x00000000a2d00000, 0x00000000e0000000)
  object space 46080K, 65% used [0x00000000a0000000,0x00000000a1d66eb8,0x00000000a2d00000)
 Metaspace       used 56020K, capacity 57932K, committed 57944K, reserved 1099776K
  class space    used 7565K, capacity 8058K, committed 8064K, reserved 1048576K
}
Event: 71.921 GC heap before
{Heap before GC invocations=23 (full 2):
 PSYoungGen      total 87040K, used 84638K [0x00000000e0000000, 0x00000000e5f80000, 0x0000000100000000)
  eden space 77824K, 100% used [0x00000000e0000000,0x00000000e4c00000,0x00000000e4c00000)
  from space 9216K, 73% used [0x00000000e5500000,0x00000000e5ba7858,0x00000000e5e00000)
  to   space 9216K, 0% used [0x00000000e4c00000,0x00000000e4c00000,0x00000000e5500000)
 ParOldGen       total 46080K, used 30107K [0x00000000a0000000, 0x00000000a2d00000, 0x00000000e0000000)
  object space 46080K, 65% used [0x00000000a0000000,0x00000000a1d66eb8,0x00000000a2d00000)
 Metaspace       used 56634K, capacity 58618K, committed 58840K, reserved 1099776K
  class space    used 7663K, capacity 8157K, committed 8192K, reserved 1048576K
Event: 71.973 GC heap after
Heap after GC invocations=23 (full 2):
 PSYoungGen      total 87040K, used 9216K [0x00000000e0000000, 0x00000000e7b00000, 0x0000000100000000)
  eden space 77824K, 0% used [0x00000000e0000000,0x00000000e0000000,0x00000000e4c00000)
  from space 9216K, 100% used [0x00000000e4c00000,0x00000000e5500000,0x00000000e5500000)
  to   space 13312K, 0% used [0x00000000e6e00000,0x00000000e6e00000,0x00000000e7b00000)
 ParOldGen       total 46080K, used 37905K [0x00000000a0000000, 0x00000000a2d00000, 0x00000000e0000000)
  object space 46080K, 82% used [0x00000000a0000000,0x00000000a2504598,0x00000000a2d00000)
 Metaspace       used 56634K, capacity 58618K, committed 58840K, reserved 1099776K
  class space    used 7663K, capacity 8157K, committed 8192K, reserved 1048576K
}
Event: 72.295 GC heap before
{Heap before GC invocations=24 (full 2):
 PSYoungGen      total 87040K, used 18454K [0x00000000e0000000, 0x00000000e7b00000, 0x0000000100000000)
  eden space 77824K, 11% used [0x00000000e0000000,0x00000000e0905aa8,0x00000000e4c00000)
  from space 9216K, 100% used [0x00000000e4c00000,0x00000000e5500000,0x00000000e5500000)
  to   space 13312K, 0% used [0x00000000e6e00000,0x00000000e6e00000,0x00000000e7b00000)
 ParOldGen       total 46080K, used 37905K [0x00000000a0000000, 0x00000000a2d00000, 0x00000000e0000000)
  object space 46080K, 82% used [0x00000000a0000000,0x00000000a2504598,0x00000000a2d00000)
 Metaspace       used 56829K, capacity 58880K, committed 59028K, reserved 1099776K
  class space    used 7712K, capacity 8191K, committed 8192K, reserved 1048576K
Event: 72.331 GC heap after
Heap after GC invocations=24 (full 2):
 PSYoungGen      total 112128K, used 768K [0x00000000e0000000, 0x00000000e8000000, 0x0000000100000000)
  eden space 98816K, 0% used [0x00000000e0000000,0x00000000e0000000,0x00000000e6080000)
  from space 13312K, 5% used [0x00000000e6e00000,0x00000000e6ec0000,0x00000000e7b00000)
  to   space 13824K, 0% used [0x00000000e6080000,0x00000000e6080000,0x00000000e6e00000)
 ParOldGen       total 47616K, used 47181K [0x00000000a0000000, 0x00000000a2e80000, 0x00000000e0000000)
  object space 47616K, 99% used [0x00000000a0000000,0x00000000a2e135f0,0x00000000a2e80000)
 Metaspace       used 56829K, capacity 58880K, committed 59028K, reserved 1099776K
  class space    used 7712K, capacity 8191K, committed 8192K, reserved 1048576K
}
Event: 72.331 GC heap before
{Heap before GC invocations=25 (full 3):
 PSYoungGen      total 112128K, used 768K [0x00000000e0000000, 0x00000000e8000000, 0x0000000100000000)
  eden space 98816K, 0% used [0x00000000e0000000,0x00000000e0000000,0x00000000e6080000)
  from space 13312K, 5% used [0x00000000e6e00000,0x00000000e6ec0000,0x00000000e7b00000)
  to   space 13824K, 0% used [0x00000000e6080000,0x00000000e6080000,0x00000000e6e00000)
 ParOldGen       total 47616K, used 47181K [0x00000000a0000000, 0x00000000a2e80000, 0x00000000e0000000)
  object space 47616K, 99% used [0x00000000a0000000,0x00000000a2e135f0,0x00000000a2e80000)
 Metaspace       used 56829K, capacity 58880K, committed 59028K, reserved 1099776K
  class space    used 7712K, capacity 8191K, committed 8192K, reserved 1048576K
Event: 73.096 GC heap after
Heap after GC invocations=25 (full 3):
 PSYoungGen      total 112128K, used 0K [0x00000000e0000000, 0x00000000e8000000, 0x0000000100000000)
  eden space 98816K, 0% used [0x00000000e0000000,0x00000000e0000000,0x00000000e6080000)
  from space 13312K, 0% used [0x00000000e6e00000,0x00000000e6e00000,0x00000000e7b00000)
  to   space 13824K, 0% used [0x00000000e6080000,0x00000000e6080000,0x00000000e6e00000)
 ParOldGen       total 84480K, used 43706K [0x00000000a0000000, 0x00000000a5280000, 0x00000000e0000000)
  object space 84480K, 51% used [0x00000000a0000000,0x00000000a2aae990,0x00000000a5280000)
 Metaspace       used 56806K, capacity 58792K, committed 59028K, reserved 1099776K
  class space    used 7705K, capacity 8183K, committed 8192K, reserved 1048576K
}
Event: 90.840 GC heap before
{Heap before GC invocations=26 (full 3):
 PSYoungGen      total 112128K, used 98816K [0x00000000e0000000, 0x00000000e8000000, 0x0000000100000000)
  eden space 98816K, 100% used [0x00000000e0000000,0x00000000e6080000,0x00000000e6080000)
  from space 13312K, 0% used [0x00000000e6e00000,0x00000000e6e00000,0x00000000e7b00000)
  to   space 13824K, 0% used [0x00000000e6080000,0x00000000e6080000,0x00000000e6e00000)
 ParOldGen       total 84480K, used 43706K [0x00000000a0000000, 0x00000000a5280000, 0x00000000e0000000)
  object space 84480K, 51% used [0x00000000a0000000,0x00000000a2aae990,0x00000000a5280000)
 Metaspace       used 63473K, capacity 65926K, committed 66008K, reserved 1105920K
  class space    used 8523K, capacity 9159K, committed 9216K, reserved 1048576K
Event: 90.898 GC heap after
Heap after GC invocations=26 (full 3):
 PSYoungGen      total 112640K, used 10836K [0x00000000e0000000, 0x00000000e9600000, 0x0000000100000000)
  eden space 98816K, 0% used [0x00000000e0000000,0x00000000e0000000,0x00000000e6080000)
  from space 13824K, 78% used [0x00000000e6080000,0x00000000e6b153e0,0x00000000e6e00000)
  to   space 14848K, 0% used [0x00000000e8780000,0x00000000e8780000,0x00000000e9600000)
 ParOldGen       total 84480K, used 43733K [0x00000000a0000000, 0x00000000a5280000, 0x00000000e0000000)
  object space 84480K, 51% used [0x00000000a0000000,0x00000000a2ab55e0,0x00000000a5280000)
 Metaspace       used 63473K, capacity 65926K, committed 66008K, reserved 1105920K
  class space    used 8523K, capacity 9159K, committed 9216K, reserved 1048576K
}
Event: 161.057 GC heap before
{Heap before GC invocations=27 (full 3):
 PSYoungGen      total 112640K, used 109652K [0x00000000e0000000, 0x00000000e9600000, 0x0000000100000000)
  eden space 98816K, 100% used [0x00000000e0000000,0x00000000e6080000,0x00000000e6080000)
  from space 13824K, 78% used [0x00000000e6080000,0x00000000e6b153e0,0x00000000e6e00000)
  to   space 14848K, 0% used [0x00000000e8780000,0x00000000e8780000,0x00000000e9600000)
 ParOldGen       total 84480K, used 43733K [0x00000000a0000000, 0x00000000a5280000, 0x00000000e0000000)
  object space 84480K, 51% used [0x00000000a0000000,0x00000000a2ab55e0,0x00000000a5280000)
 Metaspace       used 66848K, capacity 69754K, committed 70104K, reserved 1110016K
  class space    used 8860K, capacity 9601K, committed 9728K, reserved 1048576K

Deoptimization events (10 events):
Event: 159.678 Thread 0x000000005862f800 Uncommon trap: reason=class_check action=maybe_recompile pc=0x000000000312d054 method=com.google.common.collect.ImmutableList$1.get(I)Ljava/lang/Object; @ 5
Event: 159.679 Thread 0x000000005862f800 Uncommon trap: reason=class_check action=maybe_recompile pc=0x000000000312d054 method=com.google.common.collect.ImmutableList$1.get(I)Ljava/lang/Object; @ 5
Event: 159.680 Thread 0x000000005862f800 Uncommon trap: reason=class_check action=maybe_recompile pc=0x0000000003b0864c method=com.google.common.collect.AbstractIterator.tryToComputeNext()Z @ 9
Event: 159.718 Thread 0x000000005862f800 Uncommon trap: reason=class_check action=maybe_recompile pc=0x0000000003f060f4 method=com.google.common.collect.AbstractMapBasedMultimap.wrapCollection(Ljava/lang/Object;Ljava/util/Collection;)Ljava/util/Collection; @ 44
Event: 159.718 Thread 0x000000005862f800 Uncommon trap: reason=class_check action=maybe_recompile pc=0x0000000003f060f4 method=com.google.common.collect.AbstractMapBasedMultimap.wrapCollection(Ljava/lang/Object;Ljava/util/Collection;)Ljava/util/Collection; @ 44
Event: 159.718 Thread 0x000000005862f800 Uncommon trap: reason=class_check action=maybe_recompile pc=0x0000000003f060f4 method=com.google.common.collect.AbstractMapBasedMultimap.wrapCollection(Ljava/lang/Object;Ljava/util/Collection;)Ljava/util/Collection; @ 44
Event: 159.718 Thread 0x000000005862f800 Uncommon trap: reason=class_check action=maybe_recompile pc=0x0000000003f060f4 method=com.google.common.collect.AbstractMapBasedMultimap.wrapCollection(Ljava/lang/Object;Ljava/util/Collection;)Ljava/util/Collection; @ 44
Event: 159.853 Thread 0x000000005862f800 Uncommon trap: reason=bimorphic action=maybe_recompile pc=0x0000000003a4a9f0 method=com.google.common.collect.NaturalOrdering.compare(Ljava/lang/Comparable;Ljava/lang/Comparable;)I @ 12
Event: 159.853 Thread 0x000000005862f800 Uncommon trap: reason=bimorphic action=maybe_recompile pc=0x0000000003a4a9f0 method=com.google.common.collect.NaturalOrdering.compare(Ljava/lang/Comparable;Ljava/lang/Comparable;)I @ 12
Event: 160.250 Thread 0x000000005862f800 Uncommon trap: reason=bimorphic action=maybe_recompile pc=0x00000000042688f0 method=java.util.HashMap.removeNode(ILjava/lang/Object;Ljava/lang/Object;ZZ)Ljava/util/HashMap$Node; @ 143

Classes redefined (0 events):
No events

Internal exceptions (10 events):
Event: 153.482 Thread 0x000000005862f800 Exception <a 'sun/nio/fs/WindowsException'> (0x00000000e462a428) thrown at [D:\src\AOSP-openjdk-cygwin\jdk8u\hotspot\src\share\vm\prims\jni.cpp, line 709]
Event: 153.482 Thread 0x000000005862f800 Exception <a 'sun/nio/fs/WindowsException'> (0x00000000e462d5f0) thrown at [D:\src\AOSP-openjdk-cygwin\jdk8u\hotspot\src\share\vm\prims\jni.cpp, line 709]
Event: 153.482 Thread 0x000000005862f800 Exception <a 'sun/nio/fs/WindowsException'> (0x00000000e462e4c0) thrown at [D:\src\AOSP-openjdk-cygwin\jdk8u\hotspot\src\share\vm\prims\jni.cpp, line 709]
Event: 153.483 Thread 0x000000005862f800 Exception <a 'sun/nio/fs/WindowsException'> (0x00000000e46307a8) thrown at [D:\src\AOSP-openjdk-cygwin\jdk8u\hotspot\src\share\vm\prims\jni.cpp, line 709]
Event: 153.483 Thread 0x000000005862f800 Exception <a 'sun/nio/fs/WindowsException'> (0x00000000e46316b0) thrown at [D:\src\AOSP-openjdk-cygwin\jdk8u\hotspot\src\share\vm\prims\jni.cpp, line 709]
Event: 155.807 Thread 0x000000005862f800 Exception <a 'java/lang/NoSuchMethodError': <clinit>> (0x00000000e519f168) thrown at [D:\src\AOSP-openjdk-cygwin\jdk8u\hotspot\src\share\vm\prims\jni.cpp, line 1613]
Event: 155.808 Thread 0x000000005862f800 Exception <a 'java/lang/NoSuchMethodError': <clinit>> (0x00000000e51adce0) thrown at [D:\src\AOSP-openjdk-cygwin\jdk8u\hotspot\src\share\vm\prims\jni.cpp, line 1613]
Event: 155.986 Thread 0x000000005862f800 Exception <a 'java/lang/NoSuchMethodError': <clinit>> (0x00000000e5213ea0) thrown at [D:\src\AOSP-openjdk-cygwin\jdk8u\hotspot\src\share\vm\prims\jni.cpp, line 1613]
Event: 155.987 Thread 0x000000005862f800 Exception <a 'java/lang/NoSuchMethodError': <clinit>> (0x00000000e52f5718) thrown at [D:\src\AOSP-openjdk-cygwin\jdk8u\hotspot\src\share\vm\prims\jni.cpp, line 1613]
Event: 155.987 Thread 0x000000005862f800 Exception <a 'java/lang/NoSuchMethodError': <clinit>> (0x00000000e52f7580) thrown at [D:\src\AOSP-openjdk-cygwin\jdk8u\hotspot\src\share\vm\prims\jni.cpp, line 1613]

Events (10 events):
Event: 160.341 loading class org/gradle/api/internal/changedetection/state/MissingFileSnapshot done
Event: 160.360 loading class org/gradle/api/internal/changedetection/state/FileValueSnapshot
Event: 160.360 loading class org/gradle/api/internal/changedetection/state/FileValueSnapshot done
Event: 160.383 loading class org/gradle/api/internal/changedetection/state/ListValueSnapshot
Event: 160.383 loading class org/gradle/api/internal/changedetection/state/ListValueSnapshot done
Event: 160.520 loading class org/gradle/api/internal/changedetection/state/SetValueSnapshot
Event: 160.520 loading class org/gradle/api/internal/changedetection/state/SetValueSnapshot done
Event: 160.524 loading class com/android/builder/model/SourceProvider
Event: 160.524 loading class com/android/builder/model/SourceProvider done
Event: 161.057 Executing VM operation: ParallelGCFailedAllocation


Dynamic libraries:
0x000000013ff90000 - 0x000000013ffc1000 	C:\Program Files\Android\Android Studio\jre\bin\java.exe
0x00000000772c0000 - 0x0000000077469000 	C:\Windows\SYSTEM32\ntdll.dll
0x000007fef1260000 - 0x000007fef1294000 	C:\Program Files\AVAST Software\Avast\x64\aswhooka.dll
0x00000000770a0000 - 0x00000000771c0000 	C:\Windows\system32\kernel32.dll
0x000007fefd340000 - 0x000007fefd3ac000 	C:\Windows\system32\KERNELBASE.dll
0x000007fefdf80000 - 0x000007fefe05b000 	C:\Windows\system32\ADVAPI32.dll
0x000007fefdd40000 - 0x000007fefdddf000 	C:\Windows\system32\msvcrt.dll
0x000007fefd730000 - 0x000007fefd74f000 	C:\Windows\SYSTEM32\sechost.dll
0x000007fefd420000 - 0x000007fefd54d000 	C:\Windows\system32\RPCRT4.dll
0x00000000771c0000 - 0x00000000772ba000 	C:\Windows\system32\USER32.dll
0x000007fefdc60000 - 0x000007fefdcc7000 	C:\Windows\system32\GDI32.dll
0x000007fefdcd0000 - 0x000007fefdcde000 	C:\Windows\system32\LPK.dll
0x000007fefe560000 - 0x000007fefe62a000 	C:\Windows\system32\USP10.dll
0x000007fefbc60000 - 0x000007fefbe54000 	C:\Windows\WinSxS\amd64_microsoft.windows.common-controls_6595b64144ccf1df_6.0.7601.18837_none_fa3b1e3d17594757\COMCTL32.dll
0x000007fefe4e0000 - 0x000007fefe551000 	C:\Windows\system32\SHLWAPI.dll
0x000007fefdde0000 - 0x000007fefde0e000 	C:\Windows\system32\IMM32.DLL
0x000007fefdab0000 - 0x000007fefdbb9000 	C:\Windows\system32\MSCTF.dll
0x0000000064d60000 - 0x0000000064e32000 	C:\Program Files\Android\Android Studio\jre\jre\bin\msvcr100.dll
0x0000000063d80000 - 0x00000000645be000 	C:\Program Files\Android\Android Studio\jre\jre\bin\server\jvm.dll
0x000007feebb20000 - 0x000007feebb29000 	C:\Windows\system32\WSOCK32.dll
0x000007fefd9c0000 - 0x000007fefda0d000 	C:\Windows\system32\WS2_32.dll
0x000007fefdf70000 - 0x000007fefdf78000 	C:\Windows\system32\NSI.dll
0x000007fef75c0000 - 0x000007fef75fb000 	C:\Windows\system32\WINMM.dll
0x000007fefc150000 - 0x000007fefc15c000 	C:\Windows\system32\VERSION.dll
0x0000000077480000 - 0x0000000077487000 	C:\Windows\system32\PSAPI.DLL
0x000007feef160000 - 0x000007feef16f000 	C:\Program Files\Android\Android Studio\jre\jre\bin\verify.dll
0x000007feec090000 - 0x000007feec0b9000 	C:\Program Files\Android\Android Studio\jre\jre\bin\java.dll
0x000007feeda50000 - 0x000007feeda66000 	C:\Program Files\Android\Android Studio\jre\jre\bin\zip.dll
0x000007fefe840000 - 0x000007feff5c9000 	C:\Windows\system32\SHELL32.dll
0x000007fefe630000 - 0x000007fefe833000 	C:\Windows\system32\ole32.dll
0x000007fefd060000 - 0x000007fefd06f000 	C:\Windows\system32\profapi.dll
0x000007feeda30000 - 0x000007feeda4a000 	C:\Program Files\Android\Android Studio\jre\jre\bin\net.dll
0x000007fefc800000 - 0x000007fefc855000 	C:\Windows\system32\mswsock.dll
0x000007fefc7f0000 - 0x000007fefc7f7000 	C:\Windows\System32\wship6.dll
0x000007feebc20000 - 0x000007feebc31000 	C:\Program Files\Android\Android Studio\jre\jre\bin\nio.dll
0x000007fefa7e0000 - 0x000007fefa7fe000 	C:\Users\Alexandra\.gradle\native\25\windows-amd64\native-platform.dll
0x000007fef1050000 - 0x000007fef105d000 	C:\Program Files\Android\Android Studio\jre\jre\bin\management.dll
0x000007fefcd40000 - 0x000007fefcd58000 	C:\Windows\system32\CRYPTSP.dll
0x000007fefc560000 - 0x000007fefc5a7000 	C:\Windows\system32\rsaenh.dll
0x000007fefd310000 - 0x000007fefd32e000 	C:\Windows\system32\USERENV.dll
0x000007fefcf00000 - 0x000007fefcf0f000 	C:\Windows\system32\CRYPTBASE.dll
0x000007fefa8d0000 - 0x000007fefa8f7000 	C:\Windows\system32\IPHLPAPI.DLL
0x000007fefa8c0000 - 0x000007fefa8cb000 	C:\Windows\system32\WINNSI.DLL
0x000007fefa750000 - 0x000007fefa761000 	C:\Windows\system32\dhcpcsvc6.DLL
0x000007fefa730000 - 0x000007fefa748000 	C:\Windows\system32\dhcpcsvc.DLL
0x000007feeb660000 - 0x000007feeb684000 	C:\Program Files\Android\Android Studio\jre\jre\bin\sunec.dll
0x000007fefc220000 - 0x000007fefc227000 	C:\Windows\System32\wshtcpip.dll
0x000007fefc680000 - 0x000007fefc6db000 	C:\Windows\system32\DNSAPI.dll
0x000007fef15d0000 - 0x000007fef15d8000 	C:\Windows\system32\rasadhlp.dll
0x000007fefa780000 - 0x000007fefa7d3000 	C:\Windows\System32\fwpuclnt.dll
0x000007feec160000 - 0x000007feec16b000 	C:\Program Files\Android\Android Studio\jre\jre\bin\sunmscapi.dll
0x000007fefd0b0000 - 0x000007fefd21d000 	C:\Windows\system32\CRYPT32.dll
0x000007fefd070000 - 0x000007fefd07f000 	C:\Windows\system32\MSASN1.dll
0x000007fef0ca0000 - 0x000007fef0dc5000 	C:\Windows\system32\dbghelp.dll

VM Arguments:
jvm_args: -Xmx1536m -Dfile.encoding=windows-1252 -Duser.country=PE -Duser.language=es -Duser.variant 
java_command: org.gradle.launcher.daemon.bootstrap.GradleDaemon 4.1
java_class_path (initial): C:\Users\Alexandra\.gradle\wrapper\dists\gradle-4.1-all\bzyivzo6n839fup2jbap0tjew\gradle-4.1\lib\gradle-launcher-4.1.jar
Launcher Type: SUN_STANDARD

Environment Variables:
PATH=C:\ProgramData\Oracle\Java\javapath;C:\Windows\system32;C:\Windows;C:\Windows\System32\Wbem;C:\Windows\System32\WindowsPowerShell\v1.0\
USERNAME=Alexandra
OS=Windows_NT
PROCESSOR_IDENTIFIER=Intel64 Family 6 Model 23 Stepping 10, GenuineIntel



---------------  S Y S T E M  ---------------

OS: Windows 7 , 64 bit Build 7601 (6.1.7601.19045)

CPU:total 2 (initial active 2) (2 cores per cpu, 1 threads per core) family 6 model 23 stepping 10, cmov, cx8, fxsr, mmx, sse, sse2, sse3, ssse3, sse4.1, tsc

Memory: 4k page, physical 4087036k(138264k free), swap 8172236k(1652220k free)

vm_info: OpenJDK 64-Bit Server VM (25.152-b01) for windows-amd64 JRE (1.8.0_152-release-915-b01), built by "builder" with MS VC++ 10.0 (VS2010)

time: Sun Feb 25 12:10:32 2018
elapsed time: 162 seconds (0d 0h 2m 42s)

